<?xml version="1.0" encoding="UTF-8"?>
<!-- Generated by org.testng.reporters.JUnitReportReporter -->
<testsuite hostname="Sai-PC" name="testcases.VerifyLoginPage" tests="1" failures="0" timestamp="28 Jul 2016 15:22:52 GMT" time="38.623" errors="0">
  <testcase name="LoginPage" time="38.623" classname="testcases.VerifyLoginPage"/>
</testsuite> <!-- testcases.VerifyLoginPage -->
