<?xml version="1.0" encoding="UTF-8"?>
<!-- Generated by org.testng.reporters.JUnitReportReporter -->
<testsuite hostname="Sai-PC" name="testcases.VerifyLoginPage" tests="1" failures="0" timestamp="2 Aug 2016 10:00:07 GMT" time="45.557" errors="0">
  <testcase name="LoginPage" time="45.557" classname="testcases.VerifyLoginPage"/>
</testsuite> <!-- testcases.VerifyLoginPage -->
